2020-10-29 18:24:43,282 [Worker-9: Loading available Gradle versions] INFO  c.g.t.t.d.PublishedGradleVersions - Gradle version information cache is up-to-date. Trying to read.
2020-10-29 19:01:19,344 [Worker-39: Maven プロジェクトのインポート中] INFO  o.e.m.c.i.l.LifecycleMappingFactory - Using org.eclipse.m2e.jdt.JarLifecycleMapping lifecycle mapping for MavenProject: com.example:junit:0.0.1-SNAPSHOT @ C:\workspace\java_JUnit\JavaSe8Silver\pom.xml.
2020-10-29 19:01:27,682 [Worker-39: Maven プロジェクトのインポート中] INFO  o.e.m.c.i.embedder.EclipseLogger - Using 'UTF-8' encoding to copy filtered resources.
2020-10-29 19:01:27,698 [Worker-39: Maven プロジェクトのインポート中] INFO  o.e.m.c.i.embedder.EclipseLogger - skip non existing resourceDirectory C:\workspace\java_JUnit\JavaSe8Silver\src\main\resources
2020-10-29 19:01:27,698 [Worker-39: Maven プロジェクトのインポート中] INFO  o.e.m.c.i.embedder.EclipseLogger - skip non existing resourceDirectory C:\workspace\java_JUnit\JavaSe8Silver\src\main\resources
2020-10-29 19:01:27,698 [Worker-39: Maven プロジェクトのインポート中] INFO  o.e.m.c.i.embedder.EclipseLogger - Using 'UTF-8' encoding to copy filtered resources.
2020-10-29 19:01:27,698 [Worker-39: Maven プロジェクトのインポート中] INFO  o.e.m.c.i.embedder.EclipseLogger - skip non existing resourceDirectory C:\workspace\java_JUnit\JavaSe8Silver\src\test\resources
2020-10-29 19:01:28,869 [Worker-39: Maven プロジェクトのインポート中] INFO  o.e.m.j.i.AbstractJavaProjectConfigurator - Adding source folder /JavaSe8Silver/src/main/java
2020-10-29 19:01:28,869 [Worker-39: Maven プロジェクトのインポート中] INFO  o.e.m.j.i.AbstractJavaProjectConfigurator - Adding source folder /JavaSe8Silver/src/test/java
2020-10-29 19:01:34,721 [Worker-39: Maven プロジェクトのインポート中] INFO  o.e.m.c.i.embedder.EclipseLogger - Using 'UTF-8' encoding to copy filtered resources.
2020-10-29 19:01:34,721 [Worker-39: Maven プロジェクトのインポート中] INFO  o.e.m.c.i.embedder.EclipseLogger - skip non existing resourceDirectory C:\workspace\java_JUnit\JavaSe8Silver\src\main\resources
2020-10-29 19:01:34,721 [Worker-39: Maven プロジェクトのインポート中] INFO  o.e.m.c.i.embedder.EclipseLogger - skip non existing resourceDirectory C:\workspace\java_JUnit\JavaSe8Silver\src\main\resources
2020-10-29 19:01:34,737 [Worker-39: Maven プロジェクトのインポート中] INFO  o.e.m.c.i.embedder.EclipseLogger - Using 'UTF-8' encoding to copy filtered resources.
2020-10-29 19:01:34,737 [Worker-39: Maven プロジェクトのインポート中] INFO  o.e.m.c.i.embedder.EclipseLogger - skip non existing resourceDirectory C:\workspace\java_JUnit\JavaSe8Silver\src\test\resources
2020-10-29 19:01:34,955 [Worker-39: Maven プロジェクトのインポート中] INFO  o.e.m.c.i.p.ProjectConfigurationManager - Imported and configured 1 project(s) in 24 sec
2020-10-29 19:01:36,268 [Worker-43: Maven プロジェクトのインポート中] INFO  o.e.m.c.i.l.LifecycleMappingFactory - Using org.eclipse.m2e.jdt.JarLifecycleMapping lifecycle mapping for MavenProject: com.example:junit:0.0.1-SNAPSHOT @ C:\workspace\java_JUnit\junit_study\pom.xml.
2020-10-29 19:01:38,038 [Worker-43: Maven プロジェクトのインポート中] INFO  o.e.m.c.i.embedder.EclipseLogger - Using 'UTF-8' encoding to copy filtered resources.
2020-10-29 19:01:38,054 [Worker-43: Maven プロジェクトのインポート中] INFO  o.e.m.c.i.embedder.EclipseLogger - Copying 1 resource
2020-10-29 19:01:38,101 [Worker-43: Maven プロジェクトのインポート中] INFO  o.e.m.c.i.embedder.EclipseLogger - Copying 0 resource
2020-10-29 19:01:38,101 [Worker-43: Maven プロジェクトのインポート中] INFO  o.e.m.c.i.embedder.EclipseLogger - Using 'UTF-8' encoding to copy filtered resources.
2020-10-29 19:01:38,101 [Worker-43: Maven プロジェクトのインポート中] INFO  o.e.m.c.i.embedder.EclipseLogger - skip non existing resourceDirectory C:\workspace\java_JUnit\junit_study\src\test\resources
2020-10-29 19:01:38,538 [Worker-43: Maven プロジェクトのインポート中] INFO  o.e.m.j.i.AbstractJavaProjectConfigurator - Adding source folder /junit_study/src/main/java
2020-10-29 19:01:38,538 [Worker-43: Maven プロジェクトのインポート中] INFO  o.e.m.j.i.AbstractJavaProjectConfigurator - Adding resource folder /junit_study/src/main/resources
2020-10-29 19:01:38,538 [Worker-43: Maven プロジェクトのインポート中] INFO  o.e.m.j.i.AbstractJavaProjectConfigurator - Adding resource folder /junit_study/src/main/resources
2020-10-29 19:01:38,538 [Worker-43: Maven プロジェクトのインポート中] INFO  o.e.m.j.i.AbstractJavaProjectConfigurator - Adding source folder /junit_study/src/test/java
2020-10-29 19:01:39,629 [Worker-43: Maven プロジェクトのインポート中] INFO  o.e.m.c.i.embedder.EclipseLogger - Using 'UTF-8' encoding to copy filtered resources.
2020-10-29 19:01:39,645 [Worker-43: Maven プロジェクトのインポート中] INFO  o.e.m.c.i.embedder.EclipseLogger - Copying 1 resource
2020-10-29 19:01:39,645 [Worker-43: Maven プロジェクトのインポート中] INFO  o.e.m.c.i.embedder.EclipseLogger - Copying 0 resource
2020-10-29 19:01:39,660 [Worker-43: Maven プロジェクトのインポート中] INFO  o.e.m.c.i.embedder.EclipseLogger - Using 'UTF-8' encoding to copy filtered resources.
2020-10-29 19:01:39,660 [Worker-43: Maven プロジェクトのインポート中] INFO  o.e.m.c.i.embedder.EclipseLogger - skip non existing resourceDirectory C:\workspace\java_JUnit\junit_study\src\test\resources
2020-10-29 19:01:40,474 [Worker-43: Maven プロジェクトのインポート中] INFO  o.e.m.c.i.p.ProjectConfigurationManager - Imported and configured 1 project(s) in 5 sec
2020-10-29 19:01:45,274 [Worker-42: ワークスペースをビルド中] INFO  o.e.m.c.i.embedder.EclipseLogger - Using 'UTF-8' encoding to copy filtered resources.
2020-10-29 19:01:45,274 [Worker-42: ワークスペースをビルド中] INFO  o.e.m.c.i.embedder.EclipseLogger - skip non existing resourceDirectory C:\workspace\java_JUnit\JavaSe8Silver\src\main\resources
2020-10-29 19:01:45,274 [Worker-42: ワークスペースをビルド中] INFO  o.e.m.c.i.embedder.EclipseLogger - skip non existing resourceDirectory C:\workspace\java_JUnit\JavaSe8Silver\src\main\resources
2020-10-29 19:01:45,274 [Worker-42: ワークスペースをビルド中] INFO  o.e.m.c.i.embedder.EclipseLogger - Using 'UTF-8' encoding to copy filtered resources.
2020-10-29 19:01:45,274 [Worker-42: ワークスペースをビルド中] INFO  o.e.m.c.i.embedder.EclipseLogger - skip non existing resourceDirectory C:\workspace\java_JUnit\JavaSe8Silver\src\test\resources
2020-10-29 19:01:45,477 [Worker-42: ワークスペースをビルド中] INFO  o.e.m.c.i.embedder.EclipseLogger - Using 'UTF-8' encoding to copy filtered resources.
2020-10-29 19:01:45,477 [Worker-42: ワークスペースをビルド中] INFO  o.e.m.c.i.embedder.EclipseLogger - Copying 1 resource
2020-10-29 19:01:45,477 [Worker-42: ワークスペースをビルド中] INFO  o.e.m.c.i.embedder.EclipseLogger - Copying 0 resource
2020-10-29 19:01:45,477 [Worker-42: ワークスペースをビルド中] INFO  o.e.m.c.i.embedder.EclipseLogger - Using 'UTF-8' encoding to copy filtered resources.
2020-10-29 19:01:45,477 [Worker-42: ワークスペースをビルド中] INFO  o.e.m.c.i.embedder.EclipseLogger - skip non existing resourceDirectory C:\workspace\java_JUnit\junit_study\src\test\resources
2020-10-29 19:01:51,349 [Worker-46: ワークスペースをビルド中] INFO  o.e.m.c.i.embedder.EclipseLogger - Using 'UTF-8' encoding to copy filtered resources.
2020-10-29 19:01:51,364 [Worker-46: ワークスペースをビルド中] INFO  o.e.m.c.i.embedder.EclipseLogger - Copying 1 resource
2020-10-29 19:01:51,364 [Worker-46: ワークスペースをビルド中] INFO  o.e.m.c.i.embedder.EclipseLogger - Copying 0 resource
2020-10-29 19:01:51,364 [Worker-46: ワークスペースをビルド中] INFO  o.e.m.c.i.embedder.EclipseLogger - Using 'UTF-8' encoding to copy filtered resources.
2020-10-29 19:01:51,364 [Worker-46: ワークスペースをビルド中] INFO  o.e.m.c.i.embedder.EclipseLogger - skip non existing resourceDirectory C:\workspace\java_JUnit\junit_study\src\test\resources
2021-01-13 15:49:39,585 [Worker-2: Loading available Gradle versions] INFO  o.e.b.c.i.u.g.PublishedGradleVersions - Gradle version information cache is up-to-date. Trying to read.
2021-01-13 15:49:50,242 [Worker-8: Maven 依存関係の更新中] INFO  o.e.m.c.i.l.LifecycleMappingFactory - Using org.eclipse.m2e.jdt.JarLifecycleMapping lifecycle mapping for MavenProject: com.example:junit:0.0.1-SNAPSHOT @ C:\src\workspace\JavaSe8Silver\pom.xml.
2021-01-13 15:49:50,637 [Worker-7: ワークスペースをビルド中] INFO  o.e.m.c.i.l.LifecycleMappingFactory - Using org.eclipse.m2e.jdt.JarLifecycleMapping lifecycle mapping for MavenProject: com.example:junit:0.0.1-SNAPSHOT @ C:\src\workspace\JavaSe8Silver\pom.xml.
2021-01-13 15:49:53,052 [Worker-7: ワークスペースをビルド中] INFO  o.e.m.c.i.embedder.EclipseLogger - Using 'UTF-8' encoding to copy filtered resources.
2021-01-13 15:49:53,053 [Worker-7: ワークスペースをビルド中] INFO  o.e.m.c.i.embedder.EclipseLogger - skip non existing resourceDirectory C:\src\workspace\JavaSe8Silver\src\main\resources
2021-01-13 15:49:53,053 [Worker-7: ワークスペースをビルド中] INFO  o.e.m.c.i.embedder.EclipseLogger - skip non existing resourceDirectory C:\src\workspace\JavaSe8Silver\src\main\resources
2021-01-13 15:49:53,065 [Worker-7: ワークスペースをビルド中] INFO  o.e.m.c.i.embedder.EclipseLogger - Using 'UTF-8' encoding to copy filtered resources.
2021-01-13 15:49:53,065 [Worker-7: ワークスペースをビルド中] INFO  o.e.m.c.i.embedder.EclipseLogger - skip non existing resourceDirectory C:\src\workspace\JavaSe8Silver\src\test\resources
2021-01-13 15:49:54,078 [Worker-8: Maven プロジェクトの更新中] INFO  o.e.m.c.i.p.ProjectConfigurationManager - Update started
2021-01-13 15:49:54,708 [Worker-3: Maven 依存関係の更新中] INFO  o.e.m.c.i.l.LifecycleMappingFactory - Using org.eclipse.m2e.jdt.JarLifecycleMapping lifecycle mapping for MavenProject: com.example:junit:0.0.1-SNAPSHOT @ C:\src\workspace\JavaSe8Silver\pom.xml.
2021-01-13 15:49:54,989 [Worker-8: Maven プロジェクトの更新中] INFO  o.e.m.c.i.l.LifecycleMappingFactory - Using org.eclipse.m2e.jdt.JarLifecycleMapping lifecycle mapping for MavenProject: com.example:junit:0.0.1-SNAPSHOT @ C:\src\workspace\JavaSe8Silver\pom.xml.
2021-01-13 15:49:56,713 [Worker-8: Maven プロジェクトの更新中] INFO  o.e.m.j.i.AbstractJavaProjectConfigurator - Adding source folder /JavaSe8Silver/src/main/java
2021-01-13 15:49:56,715 [Worker-8: Maven プロジェクトの更新中] INFO  o.e.m.j.i.AbstractJavaProjectConfigurator - Adding source folder /JavaSe8Silver/src/test/java
2021-01-13 15:49:57,669 [Worker-8: Maven プロジェクトの更新中] INFO  o.e.m.c.i.p.ProjectConfigurationManager - Update completed: 3 sec
2021-01-13 15:49:57,960 [Worker-5: Maven 依存関係の更新中] INFO  o.e.m.c.i.l.LifecycleMappingFactory - Using org.eclipse.m2e.jdt.JarLifecycleMapping lifecycle mapping for MavenProject: com.example:junit:0.0.1-SNAPSHOT @ C:\src\workspace\JavaSe8Silver\pom.xml.
2021-01-13 15:49:59,072 [Worker-5: Maven 依存関係の更新中] INFO  o.e.m.c.i.l.LifecycleMappingFactory - Using org.eclipse.m2e.jdt.JarLifecycleMapping lifecycle mapping for MavenProject: com.example:junit:0.0.1-SNAPSHOT @ C:\src\workspace\junit_study\pom.xml.
2021-01-13 15:49:59,697 [Worker-3: ワークスペースをビルド中] INFO  o.e.m.c.i.embedder.EclipseLogger - Using 'UTF-8' encoding to copy filtered resources.
2021-01-13 15:49:59,697 [Worker-3: ワークスペースをビルド中] INFO  o.e.m.c.i.embedder.EclipseLogger - skip non existing resourceDirectory C:\src\workspace\JavaSe8Silver\src\main\resources
2021-01-13 15:49:59,698 [Worker-3: ワークスペースをビルド中] INFO  o.e.m.c.i.embedder.EclipseLogger - skip non existing resourceDirectory C:\src\workspace\JavaSe8Silver\src\main\resources
2021-01-13 15:49:59,724 [Worker-3: ワークスペースをビルド中] INFO  o.e.m.c.i.embedder.EclipseLogger - Using 'UTF-8' encoding to copy filtered resources.
2021-01-13 15:49:59,724 [Worker-3: ワークスペースをビルド中] INFO  o.e.m.c.i.embedder.EclipseLogger - skip non existing resourceDirectory C:\src\workspace\JavaSe8Silver\src\test\resources
2021-01-13 15:50:01,430 [Worker-0: Maven プロジェクトの更新中] INFO  o.e.m.c.i.p.ProjectConfigurationManager - Update started
2021-01-13 15:50:02,074 [Worker-0: Maven プロジェクトの更新中] INFO  o.e.m.c.i.l.LifecycleMappingFactory - Using org.eclipse.m2e.jdt.JarLifecycleMapping lifecycle mapping for MavenProject: com.example:junit:0.0.1-SNAPSHOT @ C:\src\workspace\junit_study\pom.xml.
2021-01-13 15:50:03,269 [Worker-0: Maven プロジェクトの更新中] INFO  o.e.m.j.i.AbstractJavaProjectConfigurator - Adding source folder /junit_study/src/main/java
2021-01-13 15:50:03,270 [Worker-0: Maven プロジェクトの更新中] INFO  o.e.m.j.i.AbstractJavaProjectConfigurator - Adding resource folder /junit_study/src/main/resources
2021-01-13 15:50:03,271 [Worker-0: Maven プロジェクトの更新中] INFO  o.e.m.j.i.AbstractJavaProjectConfigurator - Adding resource folder /junit_study/src/main/resources
2021-01-13 15:50:03,272 [Worker-0: Maven プロジェクトの更新中] INFO  o.e.m.j.i.AbstractJavaProjectConfigurator - Adding source folder /junit_study/src/test/java
2021-01-13 15:50:04,437 [Worker-0: Maven プロジェクトの更新中] INFO  o.e.m.c.i.p.ProjectConfigurationManager - Update completed: 3 sec
2021-01-13 15:50:05,614 [Worker-7: ワークスペースをビルド中] INFO  o.e.m.c.i.embedder.EclipseLogger - Using 'UTF-8' encoding to copy filtered resources.
2021-01-13 15:50:05,614 [Worker-7: ワークスペースをビルド中] INFO  o.e.m.c.i.embedder.EclipseLogger - skip non existing resourceDirectory C:\src\workspace\JavaSe8Silver\src\main\resources
2021-01-13 15:50:05,614 [Worker-7: ワークスペースをビルド中] INFO  o.e.m.c.i.embedder.EclipseLogger - skip non existing resourceDirectory C:\src\workspace\JavaSe8Silver\src\main\resources
2021-01-13 15:50:05,617 [Worker-7: ワークスペースをビルド中] INFO  o.e.m.c.i.embedder.EclipseLogger - Using 'UTF-8' encoding to copy filtered resources.
2021-01-13 15:50:05,618 [Worker-7: ワークスペースをビルド中] INFO  o.e.m.c.i.embedder.EclipseLogger - skip non existing resourceDirectory C:\src\workspace\JavaSe8Silver\src\test\resources
2021-01-13 15:50:07,504 [Worker-7: ワークスペースをビルド中] INFO  o.e.m.c.i.embedder.EclipseLogger - Using 'UTF-8' encoding to copy filtered resources.
2021-01-13 15:50:07,511 [Worker-7: ワークスペースをビルド中] INFO  o.e.m.c.i.embedder.EclipseLogger - Copying 1 resource
2021-01-13 15:50:07,535 [Worker-7: ワークスペースをビルド中] INFO  o.e.m.c.i.embedder.EclipseLogger - Copying 0 resource
2021-01-13 15:50:07,538 [Worker-7: ワークスペースをビルド中] INFO  o.e.m.c.i.embedder.EclipseLogger - Using 'UTF-8' encoding to copy filtered resources.
2021-01-13 15:50:07,538 [Worker-7: ワークスペースをビルド中] INFO  o.e.m.c.i.embedder.EclipseLogger - skip non existing resourceDirectory C:\src\workspace\junit_study\src\test\resources
2021-01-13 15:50:22,373 [Worker-7: Maven プロジェクトのインポート中] ERROR o.e.m.c.i.p.ProjectConfigurationManager - Project JavaSe8Silver already exists
2021-01-13 15:50:22,374 [Worker-7: Maven プロジェクトのインポート中] ERROR o.e.m.c.i.p.ProjectConfigurationManager - Project junit_study already exists
2021-01-13 15:50:23,443 [Worker-7: Maven プロジェクトのインポート中] INFO  o.e.m.c.i.l.LifecycleMappingFactory - Using org.eclipse.m2e.jdt.JarLifecycleMapping lifecycle mapping for MavenProject: spring.app:Templly:0.0.1 @ C:\src\workspace\adi\project\Templly\pom.xml.
2021-01-13 15:50:25,352 [Worker-7: Maven プロジェクトのインポート中] INFO  o.e.m.c.i.l.LifecycleMappingFactory - Using org.eclipse.m2e.jdt.JarLifecycleMapping lifecycle mapping for MavenProject: mrs:mrs:0.0.1-SNAPSHOT @ C:\src\workspace\mrs\pom.xml.
2021-01-13 15:50:26,112 [Worker-7: Maven プロジェクトのインポート中] INFO  o.e.m.c.i.l.LifecycleMappingFactory - Using org.eclipse.m2e.jdt.JarLifecycleMapping lifecycle mapping for MavenProject: spring.app:Shokuen:0.0.1 @ C:\src\workspace\shokuen\project\Shokuen\pom.xml.
2021-01-13 15:50:27,883 [Worker-7: Maven プロジェクトのインポート中] INFO  o.e.m.j.i.AbstractJavaProjectConfigurator - Adding source folder /mrs/src/main/java
2021-01-13 15:50:27,883 [Worker-7: Maven プロジェクトのインポート中] INFO  o.e.m.j.i.AbstractJavaProjectConfigurator - Adding resource folder /mrs/src/main/resources
2021-01-13 15:50:27,884 [Worker-7: Maven プロジェクトのインポート中] INFO  o.e.m.j.i.AbstractJavaProjectConfigurator - Adding resource folder /mrs/src/main/resources
2021-01-13 15:50:27,884 [Worker-7: Maven プロジェクトのインポート中] INFO  o.e.m.j.i.AbstractJavaProjectConfigurator - Adding source folder /mrs/src/test/java
2021-01-13 15:50:28,306 [Worker-7: Maven プロジェクトのインポート中] INFO  o.e.m.j.i.AbstractJavaProjectConfigurator - Adding source folder /Templly/src/main/java
2021-01-13 15:50:28,307 [Worker-7: Maven プロジェクトのインポート中] INFO  o.e.m.j.i.AbstractJavaProjectConfigurator - Adding resource folder /Templly/src/main/resources
2021-01-13 15:50:28,310 [Worker-7: Maven プロジェクトのインポート中] INFO  o.e.m.j.i.AbstractJavaProjectConfigurator - Adding resource folder /Templly/src/main/resources
2021-01-13 15:50:28,313 [Worker-7: Maven プロジェクトのインポート中] INFO  o.e.m.j.i.AbstractJavaProjectConfigurator - Adding source folder /Templly/src/test/java
2021-01-13 15:50:29,750 [Worker-7: Maven プロジェクトのインポート中] INFO  o.e.m.j.i.AbstractJavaProjectConfigurator - Adding source folder /Shokuen/src/main/java
2021-01-13 15:50:29,751 [Worker-7: Maven プロジェクトのインポート中] INFO  o.e.m.j.i.AbstractJavaProjectConfigurator - Adding resource folder /Shokuen/src/main/resources
2021-01-13 15:50:29,754 [Worker-7: Maven プロジェクトのインポート中] INFO  o.e.m.j.i.AbstractJavaProjectConfigurator - Adding resource folder /Shokuen/src/main/resources
2021-01-13 15:50:29,756 [Worker-7: Maven プロジェクトのインポート中] INFO  o.e.m.j.i.AbstractJavaProjectConfigurator - Adding source folder /Shokuen/src/test/java
2021-01-13 15:50:30,459 [Worker-7: Maven プロジェクトのインポート中] INFO  o.e.m.c.i.p.ProjectConfigurationManager - Imported and configured 5 project(s) in 8 sec
2021-01-13 15:50:30,956 [Worker-3: Maven プロジェクトの更新中] INFO  o.e.m.c.i.p.ProjectConfigurationManager - Update started
2021-01-13 15:50:31,797 [Worker-3: Maven プロジェクトの更新中] INFO  o.e.m.c.i.l.LifecycleMappingFactory - Using org.eclipse.m2e.jdt.JarLifecycleMapping lifecycle mapping for MavenProject: spring.app:Templly:0.0.1 @ C:\src\workspace\adi\project\Templly\pom.xml.
2021-01-13 15:50:33,107 [Worker-3: Maven プロジェクトの更新中] INFO  o.e.m.c.i.l.LifecycleMappingFactory - Using org.eclipse.m2e.jdt.JarLifecycleMapping lifecycle mapping for MavenProject: mrs:mrs:0.0.1-SNAPSHOT @ C:\src\workspace\mrs\pom.xml.
2021-01-13 15:50:34,035 [Worker-3: Maven プロジェクトの更新中] INFO  o.e.m.c.i.l.LifecycleMappingFactory - Using org.eclipse.m2e.jdt.JarLifecycleMapping lifecycle mapping for MavenProject: spring.app:Shokuen:0.0.1 @ C:\src\workspace\shokuen\project\Shokuen\pom.xml.
2021-01-13 15:50:36,632 [Worker-3: Maven プロジェクトの更新中] INFO  o.e.m.j.i.AbstractJavaProjectConfigurator - Adding source folder /Shokuen/src/main/java
2021-01-13 15:50:36,633 [Worker-3: Maven プロジェクトの更新中] INFO  o.e.m.j.i.AbstractJavaProjectConfigurator - Adding resource folder /Shokuen/src/main/resources
2021-01-13 15:50:36,634 [Worker-3: Maven プロジェクトの更新中] INFO  o.e.m.j.i.AbstractJavaProjectConfigurator - Adding resource folder /Shokuen/src/main/resources
2021-01-13 15:50:36,635 [Worker-3: Maven プロジェクトの更新中] INFO  o.e.m.j.i.AbstractJavaProjectConfigurator - Adding source folder /Shokuen/src/test/java
2021-01-13 15:50:37,226 [Worker-3: Maven プロジェクトの更新中] INFO  o.e.m.j.i.AbstractJavaProjectConfigurator - Adding source folder /Templly/src/main/java
2021-01-13 15:50:37,226 [Worker-3: Maven プロジェクトの更新中] INFO  o.e.m.j.i.AbstractJavaProjectConfigurator - Adding resource folder /Templly/src/main/resources
2021-01-13 15:50:37,228 [Worker-3: Maven プロジェクトの更新中] INFO  o.e.m.j.i.AbstractJavaProjectConfigurator - Adding resource folder /Templly/src/main/resources
2021-01-13 15:50:37,231 [Worker-3: Maven プロジェクトの更新中] INFO  o.e.m.j.i.AbstractJavaProjectConfigurator - Adding source folder /Templly/src/test/java
2021-01-13 15:50:37,752 [Worker-3: Maven プロジェクトの更新中] INFO  o.e.m.j.i.AbstractJavaProjectConfigurator - Adding source folder /mrs/src/main/java
2021-01-13 15:50:37,752 [Worker-3: Maven プロジェクトの更新中] INFO  o.e.m.j.i.AbstractJavaProjectConfigurator - Adding resource folder /mrs/src/main/resources
2021-01-13 15:50:37,752 [Worker-3: Maven プロジェクトの更新中] INFO  o.e.m.j.i.AbstractJavaProjectConfigurator - Adding resource folder /mrs/src/main/resources
2021-01-13 15:50:37,753 [Worker-3: Maven プロジェクトの更新中] INFO  o.e.m.j.i.AbstractJavaProjectConfigurator - Adding source folder /mrs/src/test/java
2021-01-13 15:50:40,028 [Worker-3: Maven プロジェクトの更新中] INFO  o.e.m.c.i.p.ProjectConfigurationManager - Update completed: 9 sec
2021-01-13 15:50:44,300 [Worker-3: ワークスペースをビルド中] INFO  o.e.m.c.i.embedder.EclipseLogger - Using 'UTF-8' encoding to copy filtered resources.
2021-01-13 15:50:44,304 [Worker-3: ワークスペースをビルド中] INFO  o.e.m.c.i.embedder.EclipseLogger - Copying 1 resource
2021-01-13 15:50:44,348 [Worker-3: ワークスペースをビルド中] INFO  o.e.m.c.i.embedder.EclipseLogger - Copying 111 resources
2021-01-13 15:50:44,800 [Worker-3: ワークスペースをビルド中] INFO  o.e.m.c.i.embedder.EclipseLogger - Using 'UTF-8' encoding to copy filtered resources.
2021-01-13 15:50:44,801 [Worker-3: ワークスペースをビルド中] INFO  o.e.m.c.i.embedder.EclipseLogger - skip non existing resourceDirectory C:\src\workspace\shokuen\project\Shokuen\src\test\resources
2021-01-13 15:50:49,151 [Worker-3: ワークスペースをビルド中] INFO  o.e.m.c.i.embedder.EclipseLogger - Using 'UTF-8' encoding to copy filtered resources.
2021-01-13 15:50:49,153 [Worker-3: ワークスペースをビルド中] INFO  o.e.m.c.i.embedder.EclipseLogger - Copying 1 resource
2021-01-13 15:50:49,158 [Worker-3: ワークスペースをビルド中] INFO  o.e.m.c.i.embedder.EclipseLogger - Copying 153 resources
2021-01-13 15:50:49,584 [Worker-3: ワークスペースをビルド中] INFO  o.e.m.c.i.embedder.EclipseLogger - Using 'UTF-8' encoding to copy filtered resources.
2021-01-13 15:50:49,584 [Worker-3: ワークスペースをビルド中] INFO  o.e.m.c.i.embedder.EclipseLogger - skip non existing resourceDirectory C:\src\workspace\adi\project\Templly\src\test\resources
2021-01-13 15:50:50,741 [Worker-3: ワークスペースをビルド中] INFO  o.e.m.c.i.embedder.EclipseLogger - Using 'UTF-8' encoding to copy filtered resources.
2021-01-13 15:50:50,742 [Worker-3: ワークスペースをビルド中] INFO  o.e.m.c.i.embedder.EclipseLogger - Copying 1 resource
2021-01-13 15:50:50,755 [Worker-3: ワークスペースをビルド中] INFO  o.e.m.c.i.embedder.EclipseLogger - Copying 5 resources
2021-01-13 15:50:50,776 [Worker-3: ワークスペースをビルド中] INFO  o.e.m.c.i.embedder.EclipseLogger - Using 'UTF-8' encoding to copy filtered resources.
2021-01-13 15:50:50,776 [Worker-3: ワークスペースをビルド中] INFO  o.e.m.c.i.embedder.EclipseLogger - skip non existing resourceDirectory C:\src\workspace\mrs\src\test\resources
2021-01-13 15:52:58,723 [Worker-2: Loading available Gradle versions] INFO  o.e.b.c.i.u.g.PublishedGradleVersions - Gradle version information cache is up-to-date. Trying to read.
